<?xml version="1.0" encoding="UTF-8"?>
<!-- Generated by org.testng.reporters.JUnitReportReporter -->
<testsuite hostname="DESKTOP-J9JQ713" failures="0" tests="1" name="script.TC_integeration_01" time="8.201" errors="0" timestamp="2023-04-06T15:34:52 IST" skipped="0">
  <testcase classname="script.TC_integeration_01" name="checkCustomerNamesAreSorted" time="8.201"/>
  <system-out/>
</testsuite> <!-- script.TC_integeration_01 -->
