<?xml version="1.0" encoding="UTF-8"?>
<!-- Generated by org.testng.reporters.JUnitReportReporter -->
<testsuite hostname="DESKTOP-J9JQ713" failures="0" tests="2" name="script.TC_001" time="27.396" errors="0" timestamp="2023-04-06T15:30:02 IST" skipped="0">
  <testcase classname="script.TC_001" name="verifyAddedCustomerShowsInUSPDropDown" time="14.263"/>
  <system-out/>
  <testcase classname="script.TC_001" name="verifyAddedCustomerShowsInUSPDropDown" time="13.133"/>
  <system-out/>
</testsuite> <!-- script.TC_001 -->
