<?xml version="1.0" encoding="UTF-8"?>
<!-- Generated by org.testng.reporters.JUnitReportReporter -->
<testsuite hostname="DESKTOP-J9JQ713" failures="0" tests="1" name="script.TC_012" time="68.101" errors="0" timestamp="2023-04-06T15:18:41 IST" skipped="0">
  <testcase classname="script.TC_012" name="verifyProductInInventoryAndUserPage" time="68.101"/>
  <system-out/>
</testsuite> <!-- script.TC_012 -->
