<?xml version="1.0" encoding="UTF-8"?>
<!-- Generated by org.testng.reporters.JUnitReportReporter -->
<testsuite hostname="DESKTOP-J9JQ713" failures="0" tests="1" name="script.TC_012" time="61.231" errors="0" timestamp="2023-03-28T17:30:38 IST" skipped="0">
  <testcase classname="script.TC_012" name="verifyProductInInventoryAndUserPage" time="61.231"/>
  <system-out/>
</testsuite> <!-- script.TC_012 -->
