<?xml version="1.0" encoding="UTF-8"?>
<!-- Generated by org.testng.reporters.JUnitReportReporter -->
<testsuite hostname="DESKTOP-J9JQ713" failures="0" tests="1" name="script.TC_012" time="21.297" errors="0" timestamp="2023-03-21T13:51:04 IST" skipped="0">
  <testcase classname="script.TC_012" name="test5" time="21.297"/>
  <system-out/>
</testsuite> <!-- script.TC_012 -->
