<?xml version="1.0" encoding="UTF-8"?>
<!-- Generated by org.testng.reporters.JUnitReportReporter -->
<testsuite hostname="DESKTOP-J9JQ713" failures="0" tests="1" name="script.TC_002" time="66.989" errors="0" timestamp="2023-03-28T17:30:38 IST" skipped="0">
  <testcase classname="script.TC_002" name="VerifyUSPAddedCustomerPresentInAdminPage" time="66.989"/>
  <system-out/>
</testsuite> <!-- script.TC_002 -->
