<?xml version="1.0" encoding="UTF-8"?>
<!-- Generated by org.testng.reporters.JUnitReportReporter -->
<testsuite hostname="DESKTOP-J9JQ713" failures="0" tests="1" name="script.TC_002" time="30.454" errors="0" timestamp="2023-03-21T10:37:53 IST" skipped="0">
  <testcase classname="script.TC_002" name="VerifyAddedCustomerPresentInTable" time="30.454"/>
  <system-out/>
</testsuite> <!-- script.TC_002 -->
