<?xml version="1.0" encoding="UTF-8"?>
<!-- Generated by org.testng.reporters.JUnitReportReporter -->
<testsuite hostname="DESKTOP-J9JQ713" failures="0" tests="1" name="script.TC_003" time="10.718" errors="0" timestamp="2023-03-23T15:17:49 IST" skipped="0">
  <testcase classname="script.TC_003" name="verifyCustomerNameShowsInInvoice" time="10.718"/>
  <system-out/>
</testsuite> <!-- script.TC_003 -->
