<?xml version="1.0" encoding="UTF-8"?>
<!-- Generated by org.testng.reporters.JUnitReportReporter -->
<testsuite hostname="DESKTOP-J9JQ713" failures="0" tests="5" name="DataProvider.Test_Prac_DataProvider" time="0.026" errors="0" timestamp="2023-03-24T10:53:47 IST" skipped="0">
  <testcase classname="DataProvider.Test_Prac_DataProvider" name="useData" time="0.011"/>
  <system-out/>
  <testcase classname="DataProvider.Test_Prac_DataProvider" name="useData" time="0.002"/>
  <system-out/>
  <testcase classname="DataProvider.Test_Prac_DataProvider" name="useData" time="0.004"/>
  <system-out/>
  <testcase classname="DataProvider.Test_Prac_DataProvider" name="useData" time="0.004"/>
  <system-out/>
  <testcase classname="DataProvider.Test_Prac_DataProvider" name="useData" time="0.005"/>
  <system-out/>
</testsuite> <!-- DataProvider.Test_Prac_DataProvider -->
