<?xml version="1.0" encoding="UTF-8"?>
<!-- Generated by org.testng.reporters.JUnitReportReporter -->
<testsuite hostname="DESKTOP-J9JQ713" failures="0" tests="1" name="script.TC_integeration_01" time="6.614" errors="0" timestamp="2023-03-23T15:17:49 IST" skipped="0">
  <testcase classname="script.TC_integeration_01" name="checkCustomerNamesAreSorted" time="6.614"/>
  <system-out/>
</testsuite> <!-- script.TC_integeration_01 -->
