<?xml version="1.0" encoding="UTF-8"?>
<!-- Generated by org.testng.reporters.JUnitReportReporter -->
<testsuite hostname="DESKTOP-J9JQ713" failures="0" tests="1" name="script.TC_010" time="10.656" errors="0" timestamp="2023-03-23T15:17:49 IST" skipped="0">
  <testcase classname="script.TC_010" name="generateInvoice" time="10.656"/>
  <system-out/>
</testsuite> <!-- script.TC_010 -->
