<?xml version="1.0" encoding="UTF-8"?>
<!-- Generated by org.testng.reporters.JUnitReportReporter -->
<testsuite hostname="DESKTOP-J9JQ713" failures="0" tests="4" name="genericutilities.DataProviderMethod" time="0.020" errors="0" timestamp="2023-03-23T16:20:24 IST" skipped="0">
  <testcase classname="genericutilities.DataProviderMethod" name="useData" time="0.004"/>
  <system-out/>
  <testcase classname="genericutilities.DataProviderMethod" name="useData" time="0.010"/>
  <system-out/>
  <testcase classname="genericutilities.DataProviderMethod" name="useData" time="0.004"/>
  <system-out/>
  <testcase classname="genericutilities.DataProviderMethod" name="useData" time="0.002"/>
  <system-out/>
</testsuite> <!-- genericutilities.DataProviderMethod -->
