<?xml version="1.0" encoding="UTF-8"?>
<!-- Generated by org.testng.reporters.JUnitReportReporter -->
<testsuite hostname="DESKTOP-J9JQ713" failures="0" tests="1" name="script.TC_003" time="14.482" errors="0" timestamp="2023-03-24T12:54:29 IST" skipped="0">
  <testcase classname="script.TC_003" name="verifyCustomerNameShowsInInvoice" time="14.482"/>
  <system-out/>
</testsuite> <!-- script.TC_003 -->
