<?xml version="1.0" encoding="UTF-8"?>
<!-- Generated by org.testng.reporters.JUnitReportReporter -->
<testsuite hostname="DESKTOP-J9JQ713" failures="0" tests="1" name="script.TC_001" time="18.095" errors="0" timestamp="2023-03-24T12:51:39 IST" skipped="0">
  <testcase classname="script.TC_001" name="verifyAddedCustomerShowsInUSPDropDown" time="18.095"/>
  <system-out/>
</testsuite> <!-- script.TC_001 -->
