<?xml version="1.0" encoding="UTF-8"?>
<!-- Generated by org.testng.reporters.JUnitReportReporter -->
<testsuite hostname="DESKTOP-J9JQ713" failures="0" tests="1" name="script.TC_012" time="20.954" errors="0" timestamp="2023-03-24T13:03:48 IST" skipped="0">
  <testcase classname="script.TC_012" name="verifyProductInInventoryAndUserPage" time="20.954"/>
  <system-out/>
</testsuite> <!-- script.TC_012 -->
