<?xml version="1.0" encoding="UTF-8"?>
<!-- Generated by org.testng.reporters.JUnitReportReporter -->
<testsuite hostname="DESKTOP-J9JQ713" failures="0" tests="1" name="script.TC_003" time="15.861" errors="0" timestamp="2023-03-21T10:21:48 IST" skipped="0">
  <testcase classname="script.TC_003" name="VerifyInvoice" time="15.861"/>
  <system-out/>
</testsuite> <!-- script.TC_003 -->
