<?xml version="1.0" encoding="UTF-8"?>
<!-- Generated by org.testng.reporters.JUnitReportReporter -->
<testsuite hostname="DESKTOP-J9JQ713" failures="0" tests="5" name="DataProvider.fetchFromExcel2DObjectArray" time="0.027" errors="0" timestamp="2023-03-24T10:46:07 IST" skipped="0">
  <testcase classname="DataProvider.fetchFromExcel2DObjectArray" name="useData" time="0.004"/>
  <system-out/>
  <testcase classname="DataProvider.fetchFromExcel2DObjectArray" name="useData" time="0.009"/>
  <system-out/>
  <testcase classname="DataProvider.fetchFromExcel2DObjectArray" name="useData" time="0.006"/>
  <system-out/>
  <testcase classname="DataProvider.fetchFromExcel2DObjectArray" name="useData" time="0.006"/>
  <system-out/>
  <testcase classname="DataProvider.fetchFromExcel2DObjectArray" name="useData" time="0.002"/>
  <system-out/>
</testsuite> <!-- DataProvider.fetchFromExcel2DObjectArray -->
